[20:07:34] [ServerMain/INFO]: Environment: authHost='https://authserver.mojang.com', accountsHost='https://api.mojang.com', sessionHost='https://sessionserver.mojang.com', servicesHost='https://api.minecraftservices.com', name='PROD'
[20:07:37] [ServerMain/INFO]: Loaded 7 recipes
[20:07:38] [Server thread/INFO]: Starting minecraft server version 1.20.1
[20:07:38] [Server thread/INFO]: Loading properties
[20:07:38] [Server thread/INFO]: This server is running Paper version git-Paper-196 (MC: 1.20.1) (Implementing API version 1.20.1-R0.1-SNAPSHOT) (Git: 773dd72)
[20:07:39] [Server thread/INFO]: Server Ping Player Sample Count: 12
[20:07:39] [Server thread/INFO]: Using 4 threads for Netty based IO
[20:07:39] [Server thread/WARN]: [!] The timings profiler has been enabled but has been scheduled for removal from Paper in the future.
    We recommend installing the spark profiler as a replacement: https://spark.lucko.me/
    For more information please visit: https://github.com/PaperMC/Paper/issues/8948
[20:07:39] [Server thread/INFO]: [ChunkTaskScheduler] Chunk system is using 1 I/O threads, 1 worker threads, and gen parallelism of 1 threads
[20:07:40] [Server thread/INFO]: Default game type: SURVIVAL
[20:07:40] [Server thread/INFO]: Generating keypair
[20:07:40] [Server thread/INFO]: Starting Minecraft server on *:25565
[20:07:40] [Server thread/INFO]: Using epoll channel type
[20:07:40] [Server thread/INFO]: Paper: Using libdeflate (Linux x86_64) compression from Velocity.
[20:07:40] [Server thread/INFO]: Paper: Using OpenSSL 1.1.x (Linux x86_64) cipher from Velocity.
[20:07:40] [Server thread/INFO]: [SkinsRestorer] Loading server plugin SkinsRestorer v15.5.1
[20:07:40] [Server thread/INFO]: [UltimateTimber] Loading server plugin UltimateTimber v3.4.0
[20:07:40] [Server thread/INFO]: [com.craftaro.ultimatetimber.core.CoreLogger] [UltimateTimber] [CraftaroCore] Loading dependency org.mariadb.jdbc:mariadb-java-client:3.2.0 from https://repo1.maven.org/maven2
[20:07:40] [Server thread/INFO]: [com.craftaro.ultimatetimber.core.CoreLogger] [UltimateTimber] [CraftaroCore] Loaded dependency 'mariadb-java-client-3.2.0' successfully.
[20:07:40] [Server thread/INFO]: [com.craftaro.ultimatetimber.core.CoreLogger] [UltimateTimber] [CraftaroCore] ----------------------------
[20:07:41] [Server thread/INFO]: [com.craftaro.ultimatetimber.core.CoreLogger] [UltimateTimber] [CraftaroCore] Loading dependency com.h2database:h2:1.4.200 from https://repo1.maven.org/maven2
[20:07:41] [Server thread/INFO]: [com.craftaro.ultimatetimber.core.CoreLogger] [UltimateTimber] [CraftaroCore] Loaded dependency 'h2-1.4.200' successfully.
[20:07:41] [Server thread/INFO]: [com.craftaro.ultimatetimber.core.CoreLogger] [UltimateTimber] [CraftaroCore] ----------------------------
[20:07:41] [Server thread/INFO]: [com.craftaro.ultimatetimber.core.CoreLogger] [UltimateTimber] [CraftaroCore] Loading dependency org.apache.commons:commons-lang3:3.14.0 from https://repo1.maven.org/maven2
[20:07:41] [Server thread/INFO]: [com.craftaro.ultimatetimber.core.CoreLogger] [UltimateTimber] [CraftaroCore] Loaded dependency 'commons-lang3-3.14.0' successfully.
[20:07:41] [Server thread/INFO]: [com.craftaro.ultimatetimber.core.CoreLogger] [UltimateTimber] [CraftaroCore] ----------------------------
[20:07:41] [Server thread/INFO]: [com.craftaro.ultimatetimber.core.CoreLogger] [UltimateTimber] [CraftaroCore] Loading dependency org.jooq:jooq:3.14.16 from https://repo1.maven.org/maven2
[20:07:41] [Server thread/INFO]: [com.craftaro.ultimatetimber.core.CoreLogger] [UltimateTimber] [CraftaroCore] Loaded dependency 'jooq-3.14.16' successfully.
[20:07:41] [Server thread/INFO]: [com.craftaro.ultimatetimber.core.CoreLogger] [UltimateTimber] [CraftaroCore] ----------------------------
[20:07:41] [Server thread/INFO]: [com.craftaro.ultimatetimber.core.CoreLogger] [UltimateTimber] [CraftaroCore] Loading dependency com.github.cryptomorin:XSeries:12.0.0 from https://repo1.maven.org/maven2
[20:07:41] [Server thread/INFO]: [com.craftaro.ultimatetimber.core.CoreLogger] [UltimateTimber] [CraftaroCore] Loaded dependency 'XSeries-12.0.0' successfully.
[20:07:41] [Server thread/INFO]: [com.craftaro.ultimatetimber.core.CoreLogger] [UltimateTimber] [CraftaroCore] ----------------------------
[20:07:41] [Server thread/INFO]: [com.craftaro.ultimatetimber.core.CoreLogger] [UltimateTimber] [CraftaroCore] Loading dependency com.zaxxer:HikariCP:4.0.3 from https://repo1.maven.org/maven2
[20:07:41] [Server thread/INFO]: [com.craftaro.ultimatetimber.core.CoreLogger] [UltimateTimber] [CraftaroCore] Loaded dependency 'HikariCP-4.0.3' successfully.
[20:07:41] [Server thread/INFO]: [com.craftaro.ultimatetimber.core.CoreLogger] [UltimateTimber] [CraftaroCore] ----------------------------
[20:07:41] [Server thread/INFO]: [com.craftaro.ultimatetimber.core.CoreLogger] [UltimateTimber] [CraftaroCore] Loading dependency org.apache.commons:commons-text:1.12.0 from https://repo1.maven.org/maven2
[20:07:41] [Server thread/INFO]: [com.craftaro.ultimatetimber.core.CoreLogger] [UltimateTimber] [CraftaroCore] Loaded dependency 'commons-text-1.12.0' successfully.
[20:07:41] [Server thread/INFO]: [com.craftaro.ultimatetimber.core.CoreLogger] [UltimateTimber] [CraftaroCore] ----------------------------
[20:07:41] [Server thread/INFO]: [com.craftaro.ultimatetimber.core.CoreLogger] [UltimateTimber] [CraftaroCore] Loading dependency org.slf4j:slf4j-api:2.0.11 from https://repo1.maven.org/maven2
[20:07:41] [Server thread/INFO]: [com.craftaro.ultimatetimber.core.CoreLogger] [UltimateTimber] [CraftaroCore] Loaded dependency 'slf4j-api-2.0.11' successfully.
[20:07:41] [Server thread/INFO]: [com.craftaro.ultimatetimber.core.CoreLogger] [UltimateTimber] [CraftaroCore] ----------------------------
[20:07:41] [Server thread/INFO]: [com.craftaro.ultimatetimber.core.CoreLogger] [UltimateTimber] [CraftaroCore] Loading dependency org.reactivestreams:reactive-streams:1.0.2 from https://repo1.maven.org/maven2
[20:07:41] [Server thread/INFO]: [com.craftaro.ultimatetimber.core.CoreLogger] [UltimateTimber] [CraftaroCore] Loaded dependency 'reactive-streams-1.0.2' successfully.
[20:07:41] [Server thread/INFO]: [com.craftaro.ultimatetimber.core.CoreLogger] [UltimateTimber] [CraftaroCore] ----------------------------
[20:07:41] [Server thread/INFO]: Server permissions file permissions.yml is empty, ignoring it
[20:07:41] [Server thread/INFO]: [SkinsRestorer] Enabling SkinsRestorer v15.5.1
[20:07:41] [Server thread/WARN]: [SkinsRestorer] You must agree to the rules at 'commands.perSkinPermissionsConsent' in the config to use per skin permissions.
[20:07:42] [Server thread/INFO]: [SkinsRestorer] Running on Minecraft 1.20.1.
[20:07:43] [Server thread/INFO]: [SkinsRestorer] Using paper join listener!
[20:07:43] [Server thread/WARN]: [SkinsRestorer] Please update your Java runtime to at least Java 21 (your version is 17).
[20:07:43] [Server thread/WARN]: [SkinsRestorer] At some point in the future, SkinsRestorer will no longer be compatible with this version of Java.
[20:07:43] [Server thread/WARN]: **** SERVER IS RUNNING IN OFFLINE/INSECURE MODE!
[20:07:43] [Server thread/WARN]: The server will make no attempt to authenticate usernames. Beware.
[20:07:43] [Server thread/WARN]: While this makes the game possible to play without internet access, it also opens up the ability for hackers to connect with any username they choose.
[20:07:43] [Server thread/WARN]: To change this, set "online-mode" to "true" in the server.properties file.
[20:07:43] [Server thread/INFO]: Preparing level "world"
[20:07:43] [Folia Async Scheduler Thread #1/INFO]: [SkinsRestorer] ----------------------------------------------
[20:07:43] [Folia Async Scheduler Thread #1/INFO]: [SkinsRestorer]     +==================+
[20:07:43] [Folia Async Scheduler Thread #1/INFO]: [SkinsRestorer]     |   SkinsRestorer  |
[20:07:43] [Folia Async Scheduler Thread #1/INFO]: [SkinsRestorer]     |------------------|
[20:07:43] [Folia Async Scheduler Thread #1/INFO]: [SkinsRestorer]     |  Standalone Mode |
[20:07:43] [Folia Async Scheduler Thread #1/INFO]: [SkinsRestorer]     +==================+
[20:07:43] [Folia Async Scheduler Thread #1/INFO]: [SkinsRestorer] ----------------------------------------------
[20:07:43] [Folia Async Scheduler Thread #1/INFO]: [SkinsRestorer]     Version: 15.5.1
[20:07:43] [Folia Async Scheduler Thread #1/INFO]: [SkinsRestorer]     Commit: d5d8613
[20:07:43] [Folia Async Scheduler Thread #1/INFO]: [SkinsRestorer]     This is the latest version!
[20:07:43] [Folia Async Scheduler Thread #1/INFO]: [SkinsRestorer] ----------------------------------------------
[20:07:43] [Folia Async Scheduler Thread #1/INFO]: [SkinsRestorer] Do you have issues? Read our troubleshooting guide: https://skinsrestorer.net/docs/troubleshooting
[20:07:43] [Folia Async Scheduler Thread #1/INFO]: [SkinsRestorer] Want to support SkinsRestorer? Consider donating: https://skinsrestorer.net/donate
[20:07:44] [Server thread/INFO]: Preparing start region for dimension minecraft:overworld
[20:07:45] [Server thread/INFO]: Time elapsed: 760 ms
[20:07:45] [Server thread/INFO]: Preparing start region for dimension minecraft:the_nether
[20:07:45] [Server thread/INFO]: Time elapsed: 176 ms
[20:07:45] [Server thread/INFO]: Preparing start region for dimension minecraft:the_end
[20:07:45] [Server thread/INFO]: Time elapsed: 381 ms
[20:07:45] [Server thread/INFO]: [UltimateTimber] Enabling UltimateTimber v3.4.0
[20:07:45] [Server thread/INFO]:  
[20:07:45] [Server thread/INFO]: =============================
[20:07:45] [Server thread/INFO]: UltimateTimber 3.4.0 by Songoda <3!
[20:07:45] [Server thread/INFO]: Action: Enabling...
[20:07:45] [Server thread/INFO]: [UltimateTimber] Loaded locale "en_US"
[20:07:46] [Server thread/INFO]: [com.craftaro.ultimatetimber.core.CoreLogger] [UltimateTimber] [CraftaroCore] [CraftaroCore] Hooked UltimateTimber.
[20:07:46] [Server thread/INFO]: =============================
[20:07:46] [Server thread/INFO]:  
[20:07:46] [Server thread/INFO]: Running delayed init tasks
[20:07:46] [Server thread/INFO]: Done (8.535s)! For help, type "help"
[20:07:46] [Server thread/INFO]: Timings Reset
[20:11:50] [User Authenticator #0/INFO]: UUID of player Lewis_Sema is 8c6afb60-be92-3f55-84de-0b06517c3268
[20:11:51] [Server thread/INFO]: Lewis_Sema joined the game
[20:11:51] [Server thread/INFO]: Lewis_Sema[/127.217.70.189:50877] logged in with entity id 264 at ([world]555.0322030301558, 55.0, -308.5109294060414)
[20:21:23] [Server thread/INFO]: Lewis_Sema lost connection: Disconnected
[20:21:23] [Server thread/INFO]: Lewis_Sema left the game
